/var/lib/gems/1.8/gems/rack-1.1.0/lib/rack/handler/mongrel.rb:38:in `join': Interrupt
	from /var/lib/gems/1.8/gems/rack-1.1.0/lib/rack/handler/mongrel.rb:38:in `run'
	from /usr/bin/rackup:176
/var/lib/gems/1.8/gems/rack-1.1.0/lib/rack/handler/mongrel.rb:38:in `join': Interrupt
	from /var/lib/gems/1.8/gems/rack-1.1.0/lib/rack/handler/mongrel.rb:38:in `run'
	from /usr/bin/rackup:176
Exception `LoadError' at /usr/lib/ruby/1.8/rubygems/custom_require.rb:31 - no such file to load -- thin
Exception `LoadError' at /usr/lib/ruby/1.8/rubygems/custom_require.rb:38 - no such file to load -- thin
Exception `LoadError' at /usr/lib/ruby/1.8/mongrel/gems.rb:7 - no such file to load -- cgi_multipart_eof_fix
Exception `Gem::LoadError' at /usr/lib/ruby/1.8/rubygems.rb:827 - Could not find RubyGem cgi_multipart_eof_fix (>= 0)

Exception `LoadError' at /usr/lib/ruby/1.8/mongrel/gems.rb:7 - no such file to load -- fastthread
Exception `Gem::LoadError' at /usr/lib/ruby/1.8/rubygems.rb:827 - Could not find RubyGem fastthread (>= 0)

Exception `LoadError' at /usr/lib/ruby/1.8/mongrel/gems.rb:7 - no such file to load -- mongrel_experimental
Exception `Gem::LoadError' at /usr/lib/ruby/1.8/rubygems.rb:827 - Could not find RubyGem mongrel_experimental (>= 1.1.5)

Exception `NoMethodError' at ./main.rb:16 - undefined method `is_logged_in' for #<User:0x7f9a75280b38>
NoMethodError - undefined method `is_logged_in' for #<User:0x7f9a75280b38>:
 ./main.rb:16:in `POST /user/login'
 /var/lib/gems/1.8/gems/sinatra-1.0/lib/sinatra/base.rb:863:in `call'
 /var/lib/gems/1.8/gems/sinatra-1.0/lib/sinatra/base.rb:863:in `route'
 /var/lib/gems/1.8/gems/sinatra-1.0/lib/sinatra/base.rb:521:in `instance_eval'
 /var/lib/gems/1.8/gems/sinatra-1.0/lib/sinatra/base.rb:521:in `route_eval'
 /var/lib/gems/1.8/gems/sinatra-1.0/lib/sinatra/base.rb:500:in `route!'
 /var/lib/gems/1.8/gems/sinatra-1.0/lib/sinatra/base.rb:497:in `catch'
 /var/lib/gems/1.8/gems/sinatra-1.0/lib/sinatra/base.rb:497:in `route!'
 /var/lib/gems/1.8/gems/sinatra-1.0/lib/sinatra/base.rb:476:in `each'
 /var/lib/gems/1.8/gems/sinatra-1.0/lib/sinatra/base.rb:476:in `route!'
 /var/lib/gems/1.8/gems/sinatra-1.0/lib/sinatra/base.rb:601:in `dispatch!'
 /var/lib/gems/1.8/gems/sinatra-1.0/lib/sinatra/base.rb:411:in `call!'
 /var/lib/gems/1.8/gems/sinatra-1.0/lib/sinatra/base.rb:566:in `instance_eval'
 /var/lib/gems/1.8/gems/sinatra-1.0/lib/sinatra/base.rb:566:in `invoke'
 /var/lib/gems/1.8/gems/sinatra-1.0/lib/sinatra/base.rb:566:in `catch'
 /var/lib/gems/1.8/gems/sinatra-1.0/lib/sinatra/base.rb:566:in `invoke'
 /var/lib/gems/1.8/gems/sinatra-1.0/lib/sinatra/base.rb:411:in `call!'
 /var/lib/gems/1.8/gems/sinatra-1.0/lib/sinatra/base.rb:399:in `call'
 /var/lib/gems/1.8/gems/rack-1.1.0/lib/rack/showexceptions.rb:24:in `call'
 /var/lib/gems/1.8/gems/sinatra-1.0/lib/sinatra/base.rb:979:in `call'
 /var/lib/gems/1.8/gems/sinatra-1.0/lib/sinatra/base.rb:1005:in `synchronize'
 /var/lib/gems/1.8/gems/sinatra-1.0/lib/sinatra/base.rb:979:in `call'
 /var/lib/gems/1.8/gems/rack-1.1.0/lib/rack/content_length.rb:13:in `call'
 /var/lib/gems/1.8/gems/rack-1.1.0/lib/rack/chunked.rb:15:in `call'
 /var/lib/gems/1.8/gems/rack-1.1.0/lib/rack/handler/mongrel.rb:67:in `process'
 /usr/lib/ruby/1.8/mongrel.rb:159:in `process_client'
 /usr/lib/ruby/1.8/mongrel.rb:158:in `each'
 /usr/lib/ruby/1.8/mongrel.rb:158:in `process_client'
 /usr/lib/ruby/1.8/mongrel.rb:285:in `run'
 /usr/lib/ruby/1.8/mongrel.rb:285:in `initialize'
 /usr/lib/ruby/1.8/mongrel.rb:285:in `new'
 /usr/lib/ruby/1.8/mongrel.rb:285:in `run'
 /usr/lib/ruby/1.8/mongrel.rb:268:in `initialize'
 /usr/lib/ruby/1.8/mongrel.rb:268:in `new'
 /usr/lib/ruby/1.8/mongrel.rb:268:in `run'
 /var/lib/gems/1.8/gems/rack-1.1.0/lib/rack/handler/mongrel.rb:38:in `run'
 /var/lib/gems/1.8/gems/sinatra-1.0/lib/sinatra/base.rb:946:in `run!'
 config.ru:16
 /usr/lib/ruby/1.8/rack/builder.rb:29:in `instance_eval'
 /usr/lib/ruby/1.8/rack/builder.rb:29:in `initialize'
 config.ru:1:in `new'
 config.ru:1
Exception `NoMethodError' at /var/lib/gems/1.8/gems/sinatra-1.0/lib/sinatra/base.rb:622 - undefined method `is_logged_in' for #<User:0x7f9a75280b38>
NoMethodError: undefined method `is_logged_in' for #<User:0x7f9a75280b38>
	./main.rb:16:in `POST /user/login'
	/var/lib/gems/1.8/gems/sinatra-1.0/lib/sinatra/base.rb:863:in `call'
	/var/lib/gems/1.8/gems/sinatra-1.0/lib/sinatra/base.rb:863:in `route'
	/var/lib/gems/1.8/gems/sinatra-1.0/lib/sinatra/base.rb:521:in `instance_eval'
	/var/lib/gems/1.8/gems/sinatra-1.0/lib/sinatra/base.rb:521:in `route_eval'
	/var/lib/gems/1.8/gems/sinatra-1.0/lib/sinatra/base.rb:500:in `route!'
	/var/lib/gems/1.8/gems/sinatra-1.0/lib/sinatra/base.rb:497:in `catch'
	/var/lib/gems/1.8/gems/sinatra-1.0/lib/sinatra/base.rb:497:in `route!'
	/var/lib/gems/1.8/gems/sinatra-1.0/lib/sinatra/base.rb:476:in `each'
	/var/lib/gems/1.8/gems/sinatra-1.0/lib/sinatra/base.rb:476:in `route!'
	/var/lib/gems/1.8/gems/sinatra-1.0/lib/sinatra/base.rb:601:in `dispatch!'
	/var/lib/gems/1.8/gems/sinatra-1.0/lib/sinatra/base.rb:411:in `call!'
	/var/lib/gems/1.8/gems/sinatra-1.0/lib/sinatra/base.rb:566:in `instance_eval'
	/var/lib/gems/1.8/gems/sinatra-1.0/lib/sinatra/base.rb:566:in `invoke'
	/var/lib/gems/1.8/gems/sinatra-1.0/lib/sinatra/base.rb:566:in `catch'
	/var/lib/gems/1.8/gems/sinatra-1.0/lib/sinatra/base.rb:566:in `invoke'
	/var/lib/gems/1.8/gems/sinatra-1.0/lib/sinatra/base.rb:411:in `call!'
	/var/lib/gems/1.8/gems/sinatra-1.0/lib/sinatra/base.rb:399:in `call'
	/var/lib/gems/1.8/gems/rack-1.1.0/lib/rack/showexceptions.rb:24:in `call'
	/var/lib/gems/1.8/gems/sinatra-1.0/lib/sinatra/base.rb:979:in `call'
	/var/lib/gems/1.8/gems/sinatra-1.0/lib/sinatra/base.rb:1005:in `synchronize'
	/var/lib/gems/1.8/gems/sinatra-1.0/lib/sinatra/base.rb:979:in `call'
	/var/lib/gems/1.8/gems/rack-1.1.0/lib/rack/content_length.rb:13:in `call'
	/var/lib/gems/1.8/gems/rack-1.1.0/lib/rack/chunked.rb:15:in `call'
	/var/lib/gems/1.8/gems/rack-1.1.0/lib/rack/handler/mongrel.rb:67:in `process'
	/usr/lib/ruby/1.8/mongrel.rb:159:in `process_client'
	/usr/lib/ruby/1.8/mongrel.rb:158:in `each'
	/usr/lib/ruby/1.8/mongrel.rb:158:in `process_client'
	/usr/lib/ruby/1.8/mongrel.rb:285:in `run'
	/usr/lib/ruby/1.8/mongrel.rb:285:in `initialize'
	/usr/lib/ruby/1.8/mongrel.rb:285:in `new'
	/usr/lib/ruby/1.8/mongrel.rb:285:in `run'
	/usr/lib/ruby/1.8/mongrel.rb:268:in `initialize'
	/usr/lib/ruby/1.8/mongrel.rb:268:in `new'
	/usr/lib/ruby/1.8/mongrel.rb:268:in `run'
	/var/lib/gems/1.8/gems/rack-1.1.0/lib/rack/handler/mongrel.rb:38:in `run'
	/var/lib/gems/1.8/gems/sinatra-1.0/lib/sinatra/base.rb:946:in `run!'
	config.ru:16
	/usr/lib/ruby/1.8/rack/builder.rb:29:in `instance_eval'
	/usr/lib/ruby/1.8/rack/builder.rb:29:in `initialize'
	config.ru:1:in `new'
	config.ru:1
Exception `NoMethodError' at ./main.rb:16 - undefined method `is_logged_in' for #<User:0x7f9a75096228>
NoMethodError - undefined method `is_logged_in' for #<User:0x7f9a75096228>:
 ./main.rb:16:in `POST /user/login'
 /var/lib/gems/1.8/gems/sinatra-1.0/lib/sinatra/base.rb:863:in `call'
 /var/lib/gems/1.8/gems/sinatra-1.0/lib/sinatra/base.rb:863:in `route'
 /var/lib/gems/1.8/gems/sinatra-1.0/lib/sinatra/base.rb:521:in `instance_eval'
 /var/lib/gems/1.8/gems/sinatra-1.0/lib/sinatra/base.rb:521:in `route_eval'
 /var/lib/gems/1.8/gems/sinatra-1.0/lib/sinatra/base.rb:500:in `route!'
 /var/lib/gems/1.8/gems/sinatra-1.0/lib/sinatra/base.rb:497:in `catch'
 /var/lib/gems/1.8/gems/sinatra-1.0/lib/sinatra/base.rb:497:in `route!'
 /var/lib/gems/1.8/gems/sinatra-1.0/lib/sinatra/base.rb:476:in `each'
 /var/lib/gems/1.8/gems/sinatra-1.0/lib/sinatra/base.rb:476:in `route!'
 /var/lib/gems/1.8/gems/sinatra-1.0/lib/sinatra/base.rb:601:in `dispatch!'
 /var/lib/gems/1.8/gems/sinatra-1.0/lib/sinatra/base.rb:411:in `call!'
 /var/lib/gems/1.8/gems/sinatra-1.0/lib/sinatra/base.rb:566:in `instance_eval'
 /var/lib/gems/1.8/gems/sinatra-1.0/lib/sinatra/base.rb:566:in `invoke'
 /var/lib/gems/1.8/gems/sinatra-1.0/lib/sinatra/base.rb:566:in `catch'
 /var/lib/gems/1.8/gems/sinatra-1.0/lib/sinatra/base.rb:566:in `invoke'
 /var/lib/gems/1.8/gems/sinatra-1.0/lib/sinatra/base.rb:411:in `call!'
 /var/lib/gems/1.8/gems/sinatra-1.0/lib/sinatra/base.rb:399:in `call'
 /var/lib/gems/1.8/gems/rack-1.1.0/lib/rack/showexceptions.rb:24:in `call'
 /var/lib/gems/1.8/gems/sinatra-1.0/lib/sinatra/base.rb:979:in `call'
 /var/lib/gems/1.8/gems/sinatra-1.0/lib/sinatra/base.rb:1005:in `synchronize'
 /var/lib/gems/1.8/gems/sinatra-1.0/lib/sinatra/base.rb:979:in `call'
 /var/lib/gems/1.8/gems/rack-1.1.0/lib/rack/content_length.rb:13:in `call'
 /var/lib/gems/1.8/gems/rack-1.1.0/lib/rack/chunked.rb:15:in `call'
 /var/lib/gems/1.8/gems/rack-1.1.0/lib/rack/handler/mongrel.rb:67:in `process'
 /usr/lib/ruby/1.8/mongrel.rb:159:in `process_client'
 /usr/lib/ruby/1.8/mongrel.rb:158:in `each'
 /usr/lib/ruby/1.8/mongrel.rb:158:in `process_client'
 /usr/lib/ruby/1.8/mongrel.rb:285:in `run'
 /usr/lib/ruby/1.8/mongrel.rb:285:in `initialize'
 /usr/lib/ruby/1.8/mongrel.rb:285:in `new'
 /usr/lib/ruby/1.8/mongrel.rb:285:in `run'
 /usr/lib/ruby/1.8/mongrel.rb:268:in `initialize'
 /usr/lib/ruby/1.8/mongrel.rb:268:in `new'
 /usr/lib/ruby/1.8/mongrel.rb:268:in `run'
 /var/lib/gems/1.8/gems/rack-1.1.0/lib/rack/handler/mongrel.rb:38:in `run'
 /var/lib/gems/1.8/gems/sinatra-1.0/lib/sinatra/base.rb:946:in `run!'
 config.ru:16
 /usr/lib/ruby/1.8/rack/builder.rb:29:in `instance_eval'
 /usr/lib/ruby/1.8/rack/builder.rb:29:in `initialize'
 config.ru:1:in `new'
 config.ru:1
Exception `NoMethodError' at /var/lib/gems/1.8/gems/sinatra-1.0/lib/sinatra/base.rb:622 - undefined method `is_logged_in' for #<User:0x7f9a75096228>
NoMethodError: undefined method `is_logged_in' for #<User:0x7f9a75096228>
	./main.rb:16:in `POST /user/login'
	/var/lib/gems/1.8/gems/sinatra-1.0/lib/sinatra/base.rb:863:in `call'
	/var/lib/gems/1.8/gems/sinatra-1.0/lib/sinatra/base.rb:863:in `route'
	/var/lib/gems/1.8/gems/sinatra-1.0/lib/sinatra/base.rb:521:in `instance_eval'
	/var/lib/gems/1.8/gems/sinatra-1.0/lib/sinatra/base.rb:521:in `route_eval'
	/var/lib/gems/1.8/gems/sinatra-1.0/lib/sinatra/base.rb:500:in `route!'
	/var/lib/gems/1.8/gems/sinatra-1.0/lib/sinatra/base.rb:497:in `catch'
	/var/lib/gems/1.8/gems/sinatra-1.0/lib/sinatra/base.rb:497:in `route!'
	/var/lib/gems/1.8/gems/sinatra-1.0/lib/sinatra/base.rb:476:in `each'
	/var/lib/gems/1.8/gems/sinatra-1.0/lib/sinatra/base.rb:476:in `route!'
	/var/lib/gems/1.8/gems/sinatra-1.0/lib/sinatra/base.rb:601:in `dispatch!'
	/var/lib/gems/1.8/gems/sinatra-1.0/lib/sinatra/base.rb:411:in `call!'
	/var/lib/gems/1.8/gems/sinatra-1.0/lib/sinatra/base.rb:566:in `instance_eval'
	/var/lib/gems/1.8/gems/sinatra-1.0/lib/sinatra/base.rb:566:in `invoke'
	/var/lib/gems/1.8/gems/sinatra-1.0/lib/sinatra/base.rb:566:in `catch'
	/var/lib/gems/1.8/gems/sinatra-1.0/lib/sinatra/base.rb:566:in `invoke'
	/var/lib/gems/1.8/gems/sinatra-1.0/lib/sinatra/base.rb:411:in `call!'
	/var/lib/gems/1.8/gems/sinatra-1.0/lib/sinatra/base.rb:399:in `call'
	/var/lib/gems/1.8/gems/rack-1.1.0/lib/rack/showexceptions.rb:24:in `call'
	/var/lib/gems/1.8/gems/sinatra-1.0/lib/sinatra/base.rb:979:in `call'
	/var/lib/gems/1.8/gems/sinatra-1.0/lib/sinatra/base.rb:1005:in `synchronize'
	/var/lib/gems/1.8/gems/sinatra-1.0/lib/sinatra/base.rb:979:in `call'
	/var/lib/gems/1.8/gems/rack-1.1.0/lib/rack/content_length.rb:13:in `call'
	/var/lib/gems/1.8/gems/rack-1.1.0/lib/rack/chunked.rb:15:in `call'
	/var/lib/gems/1.8/gems/rack-1.1.0/lib/rack/handler/mongrel.rb:67:in `process'
	/usr/lib/ruby/1.8/mongrel.rb:159:in `process_client'
	/usr/lib/ruby/1.8/mongrel.rb:158:in `each'
	/usr/lib/ruby/1.8/mongrel.rb:158:in `process_client'
	/usr/lib/ruby/1.8/mongrel.rb:285:in `run'
	/usr/lib/ruby/1.8/mongrel.rb:285:in `initialize'
	/usr/lib/ruby/1.8/mongrel.rb:285:in `new'
	/usr/lib/ruby/1.8/mongrel.rb:285:in `run'
	/usr/lib/ruby/1.8/mongrel.rb:268:in `initialize'
	/usr/lib/ruby/1.8/mongrel.rb:268:in `new'
	/usr/lib/ruby/1.8/mongrel.rb:268:in `run'
	/var/lib/gems/1.8/gems/rack-1.1.0/lib/rack/handler/mongrel.rb:38:in `run'
	/var/lib/gems/1.8/gems/sinatra-1.0/lib/sinatra/base.rb:946:in `run!'
	config.ru:16
	/usr/lib/ruby/1.8/rack/builder.rb:29:in `instance_eval'
	/usr/lib/ruby/1.8/rack/builder.rb:29:in `initialize'
	config.ru:1:in `new'
	config.ru:1
Exception `SignalException' at /var/lib/gems/1.8/gems/rack-1.1.0/lib/rack/handler/mongrel.rb:38 - SIGTERM
Exception `SignalException' at /usr/bin/rackup:103 - SIGTERM
